  SceneMgr.cpp
c:\users\kds25\desktop\gse\gse_2_2012180006\simplegame\simplegame\scenemgr.cpp(51): warning C4244: '인수': 'float'에서 'int'(으)로 변환하면서 데이터가 손실될 수 있습니다.
c:\users\kds25\desktop\gse\gse_2_2012180006\simplegame\simplegame\scenemgr.cpp(80): warning C4244: '인수': 'float'에서 'const int'(으)로 변환하면서 데이터가 손실될 수 있습니다.
c:\users\kds25\desktop\gse\gse_2_2012180006\simplegame\simplegame\scenemgr.cpp(83): warning C4244: '인수': 'float'에서 'const int'(으)로 변환하면서 데이터가 손실될 수 있습니다.
c:\program files (x86)\microsoft visual studio\2017\community\vc\tools\msvc\14.11.25503\include\xmemory0(856): warning C4244: '인수': 'const int'에서 'float'(으)로 변환하면서 데이터가 손실될 수 있습니다.
  c:\program files (x86)\microsoft visual studio\2017\community\vc\tools\msvc\14.11.25503\include\list(761): note: 컴파일 중인 함수 템플릿 인스턴스화 'void std::_Default_allocator_traits<_Alloc>::construct<_Ty,const int&,const int,const int&,int&>(_Alloc &,_Objty *const ,const int &,const int &&,const int &,int &)'에 대한 참조를 확인하십시오.
          with
          [
              _Alloc=std::allocator<std::_List_node<Object,std::_Default_allocator_traits<std::allocator<Object>>::void_pointer>>,
              _Ty=Object,
              _Objty=Object
          ]
  c:\program files (x86)\microsoft visual studio\2017\community\vc\tools\msvc\14.11.25503\include\list(759): note: 컴파일 중인 함수 템플릿 인스턴스화 'void std::_Default_allocator_traits<_Alloc>::construct<_Ty,const int&,const int,const int&,int&>(_Alloc &,_Objty *const ,const int &,const int &&,const int &,int &)'에 대한 참조를 확인하십시오.
          with
          [
              _Alloc=std::allocator<std::_List_node<Object,std::_Default_allocator_traits<std::allocator<Object>>::void_pointer>>,
              _Ty=Object,
              _Objty=Object
          ]
  c:\program files (x86)\microsoft visual studio\2017\community\vc\tools\msvc\14.11.25503\include\list(996): note: 컴파일 중인 함수 템플릿 인스턴스화 'std::_List_node<_Ty,std::_Default_allocator_traits<_Alloc>::void_pointer> *std::_List_buy<_Ty,_Alloc>::_Buynode<const int&,const int,const int&,int&>(std::_List_node<_Ty,std::_Default_allocator_traits<_Alloc>::void_pointer> *,std::_List_node<_Ty,std::_Default_allocator_traits<_Alloc>::void_pointer> *,const int &,const int &&,const int &,int &)'에 대한 참조를 확인하십시오.
          with
          [
              _Ty=Object,
              _Alloc=std::allocator<Object>
          ]
  c:\program files (x86)\microsoft visual studio\2017\community\vc\tools\msvc\14.11.25503\include\list(996): note: 컴파일 중인 함수 템플릿 인스턴스화 'std::_List_node<_Ty,std::_Default_allocator_traits<_Alloc>::void_pointer> *std::_List_buy<_Ty,_Alloc>::_Buynode<const int&,const int,const int&,int&>(std::_List_node<_Ty,std::_Default_allocator_traits<_Alloc>::void_pointer> *,std::_List_node<_Ty,std::_Default_allocator_traits<_Alloc>::void_pointer> *,const int &,const int &&,const int &,int &)'에 대한 참조를 확인하십시오.
          with
          [
              _Ty=Object,
              _Alloc=std::allocator<Object>
          ]
  c:\program files (x86)\microsoft visual studio\2017\community\vc\tools\msvc\14.11.25503\include\list(970): note: 컴파일 중인 함수 템플릿 인스턴스화 'void std::list<Object,std::allocator<_Ty>>::_Insert<const int&,const int,const int&,int&>(std::_List_unchecked_const_iterator<std::_List_val<std::_List_simple_types<_Ty>>,std::_Iterator_base0>,const int &,const int &&,const int &,int &)'에 대한 참조를 확인하십시오.
          with
          [
              _Ty=Object
          ]
  c:\program files (x86)\microsoft visual studio\2017\community\vc\tools\msvc\14.11.25503\include\list(970): note: 컴파일 중인 함수 템플릿 인스턴스화 'void std::list<Object,std::allocator<_Ty>>::_Insert<const int&,const int,const int&,int&>(std::_List_unchecked_const_iterator<std::_List_val<std::_List_simple_types<_Ty>>,std::_Iterator_base0>,const int &,const int &&,const int &,int &)'에 대한 참조를 확인하십시오.
          with
          [
              _Ty=Object
          ]
  c:\users\kds25\desktop\gse\gse_2_2012180006\simplegame\simplegame\scenemgr.cpp(18): note: 컴파일 중인 함수 템플릿 인스턴스화 'void std::list<Object,std::allocator<_Ty>>::emplace_back<const int&,const int,const int&,int&>(const int &,const int &&,const int &,int &)'에 대한 참조를 확인하십시오.
          with
          [
              _Ty=Object
          ]
  SimpleGame.vcxproj -> C:\Users\kds25\Desktop\GSE\GSE_2_2012180006\SimpleGame\x64\Debug\SimpleGame.exe
  SimpleGame.vcxproj -> C:\Users\kds25\Desktop\GSE\GSE_2_2012180006\SimpleGame\x64\Debug\SimpleGame.pdb (Partial PDB)
